<?xml version="1.0" encoding="UTF-8"?>
<!-- Generated by org.testng.reporters.JUnitReportReporter -->
<testsuite hostname="LAPTOP-RCL9OMJC" failures="0" tests="4" name="com.sevenrmartsupermarket.tests.SubCategoryTest" time="-1727317376.000" errors="1" timestamp="2024-09-26T07:54:26 IST" skipped="3">
  <testcase classname="com.sevenrmartsupermarket.tests.SubCategoryTest" name="verifyNewSubCategory" time="0.001">
    <skipped/>
  </testcase> <!-- verifyNewSubCategory -->
  <testcase classname="com.sevenrmartsupermarket.tests.SubCategoryTest" name="launchBrowser" time="-1727317376.000">
    <error message="
Parameter &#039;browser&#039; is required by BeforeMethod on method launchBrowser but has not been marked @Optional or defined
in C:\Users\ADMIN\git\repository\com.sevenrmartsupermarket\src\main\resources\xml_files\parallel.xml" type="org.testng.TestNGException">
      <![CDATA[org.testng.TestNGException: 
Parameter 'browser' is required by BeforeMethod on method launchBrowser but has not been marked @Optional or defined
in C:\Users\ADMIN\git\repository\com.sevenrmartsupermarket\src\main\resources\xml_files\parallel.xml
at org.testng.internal.Parameters.createParams(Parameters.java:267)
at org.testng.internal.Parameters.createParametersForMethod(Parameters.java:355)
at org.testng.internal.Parameters.createParameters(Parameters.java:693)
at org.testng.internal.Parameters.createConfigurationParameters(Parameters.java:166)
at org.testng.internal.invokers.ConfigInvoker.invokeConfigurations(ConfigInvoker.java:306)
at org.testng.internal.invokers.TestInvoker.runConfigMethods(TestInvoker.java:810)
at org.testng.internal.invokers.TestInvoker.invokeMethod(TestInvoker.java:578)
at org.testng.internal.invokers.TestInvoker.invokeTestMethod(TestInvoker.java:228)
at org.testng.internal.invokers.MethodRunner.runInSequence(MethodRunner.java:63)
at org.testng.internal.invokers.TestInvoker$MethodInvocationAgent.invoke(TestInvoker.java:961)
at org.testng.internal.invokers.TestInvoker.invokeTestMethods(TestInvoker.java:201)
at org.testng.internal.invokers.TestMethodWorker.invokeTestMethods(TestMethodWorker.java:148)
at org.testng.internal.invokers.TestMethodWorker.run(TestMethodWorker.java:128)
at java.base/java.util.ArrayList.forEach(ArrayList.java:1511)
at org.testng.TestRunner.privateRun(TestRunner.java:819)
at org.testng.TestRunner.run(TestRunner.java:619)
at org.testng.SuiteRunner.runTest(SuiteRunner.java:443)
at org.testng.SuiteRunner$SuiteWorker.run(SuiteRunner.java:481)
at org.testng.internal.thread.ThreadUtil.lambda$execute$0(ThreadUtil.java:58)
at java.base/java.util.concurrent.FutureTask.run(FutureTask.java:264)
at java.base/java.util.concurrent.ThreadPoolExecutor.runWorker(ThreadPoolExecutor.java:1136)
at java.base/java.util.concurrent.ThreadPoolExecutor$Worker.run(ThreadPoolExecutor.java:635)
at java.base/java.lang.Thread.run(Thread.java:833)
]]>
    </error>
  </testcase> <!-- launchBrowser -->
  <testcase classname="com.sevenrmartsupermarket.tests.SubCategoryTest" name="verifyAllSubCategorynames" time="0.001">
    <skipped/>
  </testcase> <!-- verifyAllSubCategorynames -->
  <testcase classname="com.sevenrmartsupermarket.tests.SubCategoryTest" name="verifySubCategoryHeader" time="0.001">
    <skipped/>
  </testcase> <!-- verifySubCategoryHeader -->
</testsuite> <!-- com.sevenrmartsupermarket.tests.SubCategoryTest -->
